[20-Jun-2023 00:08:52 UTC] PHP Warning:  Attempt to read property "title" on null in C:\Users\xiang\Local Sites\graham\app\public\wp-includes\class-wp-customize-widgets.php on line 905
[20-Jun-2023 00:42:03 UTC] PHP Warning:  Attempt to read property "title" on null in C:\Users\xiang\Local Sites\graham\app\public\wp-includes\class-wp-customize-widgets.php on line 905
[20-Jun-2023 01:37:28 UTC] PHP Warning:  Attempt to read property "title" on null in C:\Users\xiang\Local Sites\graham\app\public\wp-includes\class-wp-customize-widgets.php on line 905
[20-Jun-2023 01:42:05 UTC] PHP Warning:  Attempt to read property "title" on null in C:\Users\xiang\Local Sites\graham\app\public\wp-includes\class-wp-customize-widgets.php on line 905
[20-Jun-2023 02:47:26 UTC] PHP Warning:  Attempt to read property "title" on null in C:\Users\xiang\Local Sites\graham\app\public\wp-includes\class-wp-customize-widgets.php on line 905
[20-Jun-2023 02:50:49 UTC] PHP Warning:  Attempt to read property "title" on null in C:\Users\xiang\Local Sites\graham\app\public\wp-includes\class-wp-customize-widgets.php on line 905
[20-Jun-2023 02:53:47 UTC] PHP Warning:  Attempt to read property "title" on null in C:\Users\xiang\Local Sites\graham\app\public\wp-includes\class-wp-customize-widgets.php on line 905
[20-Jun-2023 03:08:20 UTC] PHP Parse error:  syntax error, unexpected token "<", expecting end of file in C:\Users\xiang\Local Sites\graham\app\public\wp-content\themes\grahamtheme\page-about.php on line 8
[20-Jun-2023 04:40:22 UTC] PHP Parse error:  syntax error, unexpected identifier "get_header" in C:\Users\xiang\Local Sites\graham\app\public\wp-content\themes\grahamtheme\page-services.php on line 5
[20-Jun-2023 05:28:34 UTC] PHP Fatal error:  Uncaught Error: Undefined constant "get" in C:\Users\xiang\Local Sites\graham\app\public\wp-content\themes\grahamtheme\index.php:3
Stack trace:
#0 C:\Users\xiang\Local Sites\graham\app\public\wp-includes\template-loader.php(106): include()
#1 C:\Users\xiang\Local Sites\graham\app\public\wp-blog-header.php(19): require_once('C:\\Users\\xiang\\...')
#2 C:\Users\xiang\Local Sites\graham\app\public\index.php(17): require('C:\\Users\\xiang\\...')
#3 {main}
  thrown in C:\Users\xiang\Local Sites\graham\app\public\wp-content\themes\grahamtheme\index.php on line 3
[20-Jun-2023 05:28:35 UTC] PHP Fatal error:  Uncaught Error: Undefined constant "get" in C:\Users\xiang\Local Sites\graham\app\public\wp-content\themes\grahamtheme\index.php:3
Stack trace:
#0 C:\Users\xiang\Local Sites\graham\app\public\wp-includes\template-loader.php(106): include()
#1 C:\Users\xiang\Local Sites\graham\app\public\wp-blog-header.php(19): require_once('C:\\Users\\xiang\\...')
#2 C:\Users\xiang\Local Sites\graham\app\public\index.php(17): require('C:\\Users\\xiang\\...')
#3 {main}
  thrown in C:\Users\xiang\Local Sites\graham\app\public\wp-content\themes\grahamtheme\index.php on line 3
[20-Jun-2023 05:28:35 UTC] PHP Fatal error:  Uncaught Error: Undefined constant "get" in C:\Users\xiang\Local Sites\graham\app\public\wp-content\themes\grahamtheme\index.php:3
Stack trace:
#0 C:\Users\xiang\Local Sites\graham\app\public\wp-includes\template-loader.php(106): include()
#1 C:\Users\xiang\Local Sites\graham\app\public\wp-blog-header.php(19): require_once('C:\\Users\\xiang\\...')
#2 C:\Users\xiang\Local Sites\graham\app\public\index.php(17): require('C:\\Users\\xiang\\...')
#3 {main}
  thrown in C:\Users\xiang\Local Sites\graham\app\public\wp-content\themes\grahamtheme\index.php on line 3
[20-Jun-2023 05:28:36 UTC] PHP Fatal error:  Uncaught Error: Undefined constant "get" in C:\Users\xiang\Local Sites\graham\app\public\wp-content\themes\grahamtheme\index.php:3
Stack trace:
#0 C:\Users\xiang\Local Sites\graham\app\public\wp-includes\template-loader.php(106): include()
#1 C:\Users\xiang\Local Sites\graham\app\public\wp-blog-header.php(19): require_once('C:\\Users\\xiang\\...')
#2 C:\Users\xiang\Local Sites\graham\app\public\index.php(17): require('C:\\Users\\xiang\\...')
#3 {main}
  thrown in C:\Users\xiang\Local Sites\graham\app\public\wp-content\themes\grahamtheme\index.php on line 3
[20-Jun-2023 09:00:46 UTC] PHP Parse error:  syntax error, unexpected token ";" in C:\Users\xiang\Local Sites\graham\app\public\wp-content\themes\grahamtheme\functions.php on line 13
[20-Jun-2023 09:00:46 UTC] PHP Parse error:  syntax error, unexpected token ";" in C:\Users\xiang\Local Sites\graham\app\public\wp-content\themes\grahamtheme\functions.php on line 13
[20-Jun-2023 09:00:47 UTC] PHP Parse error:  syntax error, unexpected token ";" in C:\Users\xiang\Local Sites\graham\app\public\wp-content\themes\grahamtheme\functions.php on line 13
[20-Jun-2023 09:00:48 UTC] PHP Parse error:  syntax error, unexpected token ";" in C:\Users\xiang\Local Sites\graham\app\public\wp-content\themes\grahamtheme\functions.php on line 13
[21-Jun-2023 04:39:09 UTC] PHP Fatal error:  Cannot redeclare register_nav_menus() (previously declared in C:\Users\xiang\Local Sites\graham\app\public\wp-includes\nav-menu.php:90) in C:\Users\xiang\Local Sites\graham\app\public\wp-content\themes\grahamtheme\functions.php on line 9
[21-Jun-2023 04:39:09 UTC] PHP Warning:  Trying to access array offset on value of type bool in C:\Users\xiang\Local Sites\graham\app\public\wp-includes\class-wp-recovery-mode-email-service.php on line 367
[21-Jun-2023 04:39:09 UTC] PHP Warning:  Trying to access array offset on value of type bool in C:\Users\xiang\Local Sites\graham\app\public\wp-includes\class-wp-recovery-mode-email-service.php on line 368
[21-Jun-2023 04:39:10 UTC] PHP Fatal error:  Cannot redeclare register_nav_menus() (previously declared in C:\Users\xiang\Local Sites\graham\app\public\wp-includes\nav-menu.php:90) in C:\Users\xiang\Local Sites\graham\app\public\wp-content\themes\grahamtheme\functions.php on line 9
